
ALGORITMO XY BY STEP:
4
4
2002
2003
2002
4
2003
2001
2003
2003
2003
4
2002
2003
2001
2003
5
2003
2002
2003
2003
2003
2003
2003
2003
2003
4
2004
2003
4
4
5
2003
5
2003
2002
2003
2002
4
4
2003
2004
2003
4
2002
2004
2003
5
2003
2003

ALGORITMO XY_YX BY STEP:
2003
2004
2002
2005
2003
2003
2003
2004
2004
2003
2003
2001
2003
2004
2004
2003
4003
6003
4002
2003
2003
2003
2004
2004
2004
2004
2003
2003
2003
4
2003
2003
2003
2004
2004
2002
2004
2003
2003
2002
2003
2005
2004
2003
2002
2005
2003
2005
2004
2004
