
ALGORITMO XY BY STEP:
2003
2003
2004
2003
2002
2003
4
2004
2002
2003
2003
2004
2003
5
2004
2003
2002
2003
3
5
2003
2002
3
2003
2003
2003
2003
4
2003
2003
2003
2003
2003
2002
2004
4
2003
2003
4
2002
2003
2002
2004
2002
2002
2003
2002
2003
4
2002

ALGORITMO XY_YX BY STEP:
2003
2003
2004
2003
2004
2003
2002
2004
2002
2004
2003
2004
2003
5
2004
2003
2002
2003
2003
2004
2003
2002
2003
2003
2003
2003
2003
4
4002
2003
2003
2003
2003
2002
2004
2003
2003
2003
2002
2003
2003
2004
2003
2002
2002
2003
2002
2003
2004
2002
