
ALGORITMO XY BY STEP:
1003
4
1002
1003
6
1002
1003
1002
1002
1001
1003
1002
1003
1005
1003
1001
1003
5
1003
5
1002
1002
5
1001
1003
1001
1003
1003
1002
1002
1002
1002
1002
4
1003
1002
1002
1003
1003
1003
1003
1002
4
1002
1003
1002
1001
1002
5
1002

ALGORITMO XY_YX BY STEP:
2005
1004
1006
1003
1002
1003
1003
1003
1005
1004
1003
1002
2003
2003
1003
1001
1003
1002
1004
1004
1002
2002
1005
1001
1003
1001
1005
1003
2002
1002
1002
1002
1006
1003
1003
1004
1005
1003
1003
1003
1002
1002
4
1002
1003
1002
1001
1003
1002
1002
