
ALGORITMO XY BY STEP:
4
2003
2003
2003
2003
2003
2003
4002
2004
2003
4
2003
2003
2003
4
2003
2003
2002
2003
2001
2003
2003
2003
2002
2003
2004
2003
2002
2002
2003
5
2002
2004
2003
2003
2003
2003
2003
2003
2003
2005
2004
2003
2003
2002
2003
2003
4
2002
2002

ALGORITMO XY_YX BY STEP:
2004
2004
2003
2003
2003
2003
2003
2003
2003
2003
4003
2003
4003
2003
2004
2003
2004
4003
2004
2003
2003
2003
2003
2003
2003
2006
2004
2003
2003
2003
2004
2002
2005
2003
2004
2003
2003
2004
2003
2004
2002
2005
2003
2003
2003
2003
2003
2002
2003
2003
