
ALGORITMO XY BY STEP:
1003
1003
1002
1001
1003
6
2002
1001
1002
1004
1003
1003
1001
4
1002
1002
1003
1003
1003
1002
1003
1001
1003
1004
1002
1002
1002
1003
1003
1003
1003
6
5
1002
1002
2002
1002
4
1002
1003
1001
1002
1001
1002
1002
1005
6
1003
1001
1002

ALGORITMO XY_YX BY STEP:
1005
1003
1005
1004
1003
6
2002
1001
2002
2003
1005
1004
1001
1004
2002
1005
1003
1003
1003
1004
1004
1003
2002
1003
1002
1002
1004
1003
1003
1002
1003
1006
1002
1003
1005
2003
1002
1004
1002
1004
1004
1004
1001
1005
1004
1002
1006
1003
1001
1002
