
ALGORITMO XY BY STEP:
1002
4
4
1001
1004
1001
1002
1002
1003
1002
1002
5
1004
1003
1002
1002
1002
5
1003
1003
1003
1004
1002
1002
1002
1003
1003
1003
1003
1003
5
1003
5
1002
1003
1002
5
1003
5
1001
1003
1003
1003
1004
5
1002
1003
1002
1003
5

ALGORITMO XY_YX BY STEP:
1002
4
1003
1002
1004
1001
1003
1002
5
1004
1004
5
1004
1003
1002
1005
1003
1005
1003
1003
1003
1003
1004
1003
1002
2003
2002
1004
1003
1003
1004
1003
1005
1003
1003
1004
1002
1003
1004
1001
1004
1005
1003
1004
5
1002
1003
1004
1003
2004
